C51 COMPILER V9.00   DELAY                                                                 01/13/2020 20:22:42 PAGE 1   


C51 COMPILER V9.00, COMPILATION OF MODULE DELAY
OBJECT MODULE PLACED IN .\Objects\delay.obj
COMPILER INVOKED BY: D:\Keil_v5\C51\BIN\C51.EXE Code\Delay\delay.c LARGE OPTIMIZE(8,SPEED) BROWSE INCDIR(.\Code\AD0832;.
                    -\Code\Uart;.\Code\Delay;.\Code\DHT11;.\Code\Lcd) DEBUG OBJECTEXTEND PRINT(.\Listings\delay.lst) TABS(2) OBJECT(.\Objects
                    -\delay.obj)

line level    source

   1          #include "delay.h"
   2          #include "dht11.h"
   3          //延时us   
   4          void DHT11_delay_us(uchar n)
   5          {
   6   1            while(--n);
   7   1      }
   8          
   9          //延时ms
  10          void DHT11_delay_ms(uint z)
  11          {
  12   1          uint i,j;
  13   1        for(i=z;i>0;i--)
  14   1            for(j=110;j>0;j--);
  15   1      }
  16          
  17          void delay_us(uchar i)
  18          {
  19   1        while(i--);
  20   1      }


MODULE INFORMATION:   STATIC OVERLAYABLE
   CODE SIZE        =     40    ----
   CONSTANT SIZE    =   ----    ----
   XDATA SIZE       =   ----    ----
   PDATA SIZE       =   ----    ----
   DATA SIZE        =   ----    ----
   IDATA SIZE       =   ----    ----
   BIT SIZE         =   ----    ----
END OF MODULE INFORMATION.


C51 COMPILATION COMPLETE.  0 WARNING(S),  0 ERROR(S)
