C51 COMPILER V9.00   DHT11                                                                 01/13/2020 20:22:42 PAGE 1   


C51 COMPILER V9.00, COMPILATION OF MODULE DHT11
OBJECT MODULE PLACED IN .\Objects\dht11.obj
COMPILER INVOKED BY: D:\Keil_v5\C51\BIN\C51.EXE Code\DHT11\dht11.c LARGE OPTIMIZE(8,SPEED) BROWSE INCDIR(.\Code\AD0832;.
                    -\Code\Uart;.\Code\Delay;.\Code\DHT11;.\Code\Lcd) DEBUG OBJECTEXTEND PRINT(.\Listings\dht11.lst) TABS(2) OBJECT(.\Objects
                    -\dht11.obj)

line level    source

   1          #include "dht11.h"
   2          #include "lcd.h"
   3          #include "delay.h"
   4          void DHT11_start()  
   5          {
   6   1        Temp_data=1;
   7   1        DHT11_delay_us(2);
   8   1        Temp_data=0;
   9   1        DHT11_delay_ms(20);
  10   1        Temp_data=1;
  11   1        DHT11_delay_us(13);
  12   1      }
  13          
  14          uchar DHT11_rec_byte()
  15          {
  16   1        uchar i,dat;
  17   1        for(i=0;i<8;i++)
  18   1        {
  19   2            while(!Temp_data);
  20   2            DHT11_delay_us(8);
  21   2            dat<<=1;
  22   2            if(Temp_data==1)
  23   2            {
  24   3              dat+=1;
  25   3            }
  26   2            while(Temp_data);
  27   2        }
  28   1        return dat;
  29   1      }
  30          
  31          void DHT11_receive()
  32          {
  33   1        uint R_H,R_L,T_H,T_L;
  34   1        uchar RH,RL,TH,TL,revise;
  35   1        DHT11_start();
  36   1        Temp_data=1;
  37   1        if(Temp_data==0)
  38   1        {
  39   2        while(Temp_data==0);  
  40   2                DHT11_delay_us(40);  
  41   2                R_H=DHT11_rec_byte();   
  42   2                R_L=DHT11_rec_byte();   
  43   2                T_H=DHT11_rec_byte();   
  44   2                T_L=DHT11_rec_byte();   
  45   2                revise=DHT11_rec_byte(); 
  46   2                DHT11_delay_us(25);    
  47   2                if((R_H+R_L+T_H+T_L)==revise)     
  48   2                {
  49   3                      RH=R_H;
  50   3                      RL=R_L;
  51   3                      TH=T_H;
  52   3                      TL=T_L; 
  53   3                } 
C51 COMPILER V9.00   DHT11                                                                 01/13/2020 20:22:42 PAGE 2   

  54   2                rec_dat[0]=RH;
  55   2                rec_dat[1]=RL;
  56   2                rec_dat[2]=TH;
  57   2                rec_dat[3]=TL;
  58   2        }
  59   1      }


MODULE INFORMATION:   STATIC OVERLAYABLE
   CODE SIZE        =    272    ----
   CONSTANT SIZE    =   ----    ----
   XDATA SIZE       =   ----      15
   PDATA SIZE       =   ----    ----
   DATA SIZE        =   ----    ----
   IDATA SIZE       =   ----    ----
   BIT SIZE         =   ----    ----
END OF MODULE INFORMATION.


C51 COMPILATION COMPLETE.  0 WARNING(S),  0 ERROR(S)
