C51 COMPILER V9.00   MAIN                                                                  01/13/2020 20:22:42 PAGE 1   


C51 COMPILER V9.00, COMPILATION OF MODULE MAIN
OBJECT MODULE PLACED IN .\Objects\main.obj
COMPILER INVOKED BY: D:\Keil_v5\C51\BIN\C51.EXE User\main.c LARGE OPTIMIZE(8,SPEED) BROWSE INCDIR(.\Code\AD0832;.\Code\U
                    -art;.\Code\Delay;.\Code\DHT11;.\Code\Lcd) DEBUG OBJECTEXTEND PRINT(.\Listings\main.lst) TABS(2) OBJECT(.\Objects\main.ob
                    -j)

line level    source

   1          #include <reg51.h> 
   2          #include <intrins.h> 
   3          #include <math.h> 
   4          #include <stdio.h>
   5          #include "ad0832.h"
   6          #include "delay.h"
   7          #include "dht11.h"
   8          #include "uart.h"
   9          #include "lcd.h"
  10          uint data_temp = 0; 
  11          uint rec_dat[4];
  12          uchar rec_dat_lcd0[6];
  13          uchar rec_dat_lcd1[6];
  14          uchar rec_dat_lcd2[6];
  15          uchar rec_dat_lcd3[6];
  16          uchar vol_dat0[6];
  17          uchar vol_dat1[6];
  18          uint vol[1];
  19          void main()
  20          {
  21   1          InitUART(); 
  22   1          EA = 1; 
  23   1          InitLcd1602();
  24   1          LcdShowStr(0,0,"H:");
  25   1          LcdShowStr(8,0,"T:"); 
  26   1          LcdShowStr(0,1,"Vol:"); 
  27   1        while(1)
  28   1          {
  29   2            DHT11_delay_ms(150);
  30   2            DHT11_receive();
  31   2            DHT11_delay_ms(100);
  32   2            data_temp = ADC0832();
  33   2            if(data_temp < 10)
  34   2              data_temp = 13;
  35   2      //      vol[0] = (int)data_temp;
  36   2      //      printf("Vol 0:%d V\n",vol[0]);
  37   2      //      printf("Vol 1:%d V\n",vol[1]);
  38   2      //      vol[1] = data_temp%vol[0];
  39   2            sprintf(rec_dat_lcd0,"%d",rec_dat[0]);
  40   2            sprintf(rec_dat_lcd1,"%d",rec_dat[1]);
  41   2            sprintf(rec_dat_lcd2,"%d",rec_dat[2]);
  42   2            sprintf(rec_dat_lcd3,"%d",rec_dat[3]);
  43   2      //      sprintf(vol_dat0,"%d",vol[0]);
  44   2      //      sprintf(vol_dat1,"%d",vol[1]);
  45   2            //湿度
  46   2            LcdShowStr(2,0,rec_dat_lcd0);
  47   2            LcdShowStr(4,0,".");
  48   2            LcdShowStr(5,0,rec_dat_lcd1);
  49   2            LcdShowStr(6,0,"%");
  50   2          
  51   2            //温度
  52   2            LcdShowStr(10,0,rec_dat_lcd2);
  53   2            LcdShowStr(12,0,".");
C51 COMPILER V9.00   MAIN                                                                  01/13/2020 20:22:42 PAGE 2   

  54   2            LcdShowStr(13,0,rec_dat_lcd3);
  55   2      //    LcdShowStr(14,0,0xdf);
  56   2            LcdShowStr(15,0,"C");
  57   2            
  58   2            //气体浓度
  59   2      //      LcdShowStr(4,1,vol_dat0);
  60   2      //      LcdShowStr(6,1,".");
  61   2      //      LcdShowStr(7,1,vol_dat1);
  62   2      //      LcdShowStr(8,1,"V");
  63   2            printf("Humi:%d.%d %\n",rec_dat[0],rec_dat[1]);
  64   2            printf("Temp:%d.%d ℃\n",rec_dat[2],rec_dat[3]);
  65   2            printf("Voltage:%d.%d V\n",data_temp);
  66   2            DHT11_delay_ms(1000);
  67   2          }
  68   1      }


MODULE INFORMATION:   STATIC OVERLAYABLE
   CODE SIZE        =    461    ----
   CONSTANT SIZE    =     66    ----
   XDATA SIZE       =     48    ----
   PDATA SIZE       =   ----    ----
   DATA SIZE        =   ----    ----
   IDATA SIZE       =   ----    ----
   BIT SIZE         =   ----    ----
END OF MODULE INFORMATION.


C51 COMPILATION COMPLETE.  0 WARNING(S),  0 ERROR(S)
