C51 COMPILER V9.00   UART                                                                  01/13/2020 20:22:42 PAGE 1   


C51 COMPILER V9.00, COMPILATION OF MODULE UART
OBJECT MODULE PLACED IN .\Objects\uart.obj
COMPILER INVOKED BY: D:\Keil_v5\C51\BIN\C51.EXE Code\Uart\uart.c LARGE OPTIMIZE(8,SPEED) BROWSE INCDIR(.\Code\AD0832;.\C
                    -ode\Uart;.\Code\Delay;.\Code\DHT11;.\Code\Lcd) DEBUG OBJECTEXTEND PRINT(.\Listings\uart.lst) TABS(2) OBJECT(.\Objects\ua
                    -rt.obj)

line level    source

   1          #include "uart.h"
   2          #include "dht11.h"
   3          void InitUART(void)
   4          {
   5   1          TH1 = 0xF3;  //12   F3  11.0592 FD
   6   1          TL1 = TH1;
   7   1          TMOD |= 0x20;  
   8   1          SCON = 0x50;   
   9   1          ES = 1;     
  10   1          TR1 = 1;    
  11   1          TI = 1;     
  12   1      }


MODULE INFORMATION:   STATIC OVERLAYABLE
   CODE SIZE        =     19    ----
   CONSTANT SIZE    =   ----    ----
   XDATA SIZE       =   ----    ----
   PDATA SIZE       =   ----    ----
   DATA SIZE        =   ----    ----
   IDATA SIZE       =   ----    ----
   BIT SIZE         =   ----    ----
END OF MODULE INFORMATION.


C51 COMPILATION COMPLETE.  0 WARNING(S),  0 ERROR(S)
