C51 COMPILER V9.00   AD0832                                                                11/22/2019 16:31:39 PAGE 1   


C51 COMPILER V9.00, COMPILATION OF MODULE AD0832
OBJECT MODULE PLACED IN .\Objects\AD0832.obj
COMPILER INVOKED BY: D:\Keil_v5\C51\BIN\C51.EXE AD0832.c OPTIMIZE(8,SPEED) BROWSE DEBUG OBJECTEXTEND PRINT(.\Listings\AD
                    -0832.lst) TABS(2) OBJECT(.\Objects\AD0832.obj)

line level    source

   1          #include "AD0832.h"
   2          
   3          void Delay(unsigned char j) 
   4          { 
   5   1      unsigned char i; 
   6   1      for(i=0;i<j;i++); //延时，脉冲一位持续的时间 
   7   1      }
   8          
   9          unsigned char ADC0832(void) //把模拟电压值转换成8位二进制数并返回 
  10          { 
  11   1      unsigned char i,data_c; 
  12   1      data_c=0; 
  13   1      ADC_CS=0; 
  14   1      ADC_CLK=1; 
  15   1      ADC_DO=0;//片选，DO为高阻态 
  16   1      //ADC_DI=0; //先拉低
  17   1      
  18   1      for(i=0;i<10;i++)    
  19   1      {;}
  20   1      
  21   1      ADC_CLK=0; 
  22   1      Delay(2); 
  23   1      ADC_CLK=1; 
  24   1      ADC_DI=1; //启始位  
  25   1      Delay(2); 
  26   1      
  27   1      ADC_CLK=0; //第一个脉冲下降沿，DI=1为起始位 
  28   1      Delay(2); 
  29   1      ADC_CLK=1; 
  30   1      ADC_DI=1;   //1 
  31   1      Delay(2); 
  32   1      
  33   1      ADC_CLK=0;  //第二个脉冲下降沿，DI=1;
  34   1      Delay(2); 
  35   1      ADC_DI=1;  //1 若为0则选择CH0 
  36   1      ADC_CLK=1; 
  37   1      Delay(2); 
  38   1      
  39   1      ADC_CLK=0; //第三个脉冲下降沿，DI=1，选择 ADC0832 的CH1(1 1) 
  40   1      Delay(2); 
  41   1      ADC_DI=1;   //已不关心 
  42   1      ADC_DO=1; //高阻 
  43   1      ADC_CLK=1; 
  44   1      Delay(2); 
  45   1      
  46   1      for (i=0; i<8; i++)  
  47   1       { 
  48   2       ADC_CLK=0; //第四个开始读数据 
  49   2       Delay(2);   
  50   2       data_c=(data_c<<1)|ADC_DO;//在每个脉冲的下降沿DO输出一位数据，最终ch为8位二进制数
             - 
  51   2       ADC_CLK=1; 
  52   2       Delay(2);   
  53   2       } 
C51 COMPILER V9.00   AD0832                                                                11/22/2019 16:31:39 PAGE 2   

  54   1       ADC_CS=1;//取消片选，一个转换周期结束 
  55   1       return(data_c);//把转换结果返回 
  56   1       }


MODULE INFORMATION:   STATIC OVERLAYABLE
   CODE SIZE        =     97    ----
   CONSTANT SIZE    =   ----    ----
   XDATA SIZE       =   ----    ----
   PDATA SIZE       =   ----    ----
   DATA SIZE        =   ----    ----
   IDATA SIZE       =   ----    ----
   BIT SIZE         =   ----    ----
END OF MODULE INFORMATION.


C51 COMPILATION COMPLETE.  0 WARNING(S),  0 ERROR(S)
