C51 COMPILER V9.00   MAIN                                                                  11/22/2019 16:32:12 PAGE 1   


C51 COMPILER V9.00, COMPILATION OF MODULE MAIN
OBJECT MODULE PLACED IN .\Objects\main.obj
COMPILER INVOKED BY: D:\Keil_v5\C51\BIN\C51.EXE main.c OPTIMIZE(8,SPEED) BROWSE DEBUG OBJECTEXTEND PRINT(.\Listings\main
                    -.lst) TABS(2) OBJECT(.\Objects\main.obj)

line level    source

   1          #include <reg51.h> 
   2          #include <intrins.h> 
   3          #include <math.h> 
   4          #include <stdio.h>
   5          #include "uart.h"
   6          #include "AD0832.h"
   7          char data str[]="                "; 
   8          
   9          void delay_1ms(unsigned char i)   //最小延时1ms 
  10          { 
  11   1      unsigned char j; 
  12   1      while(i--) 
  13   1      for(j=0;j<125; j++); 
  14   1      } 
  15          
  16          void Delay(unsigned char j) 
  17          { 
  18   1      unsigned char i; 
  19   1      for(i=0;i<j;i++); //延时，脉冲一位持续的时间 
  20   1      }
  21          void main(void) 
  22          { 
  23   1      unsigned int data_temp=0; 
  24   1        Uart_Init();
  25   1        
  26   1      while(1) 
  27   1      { 
  28   2      //void Delay(unsigned char j) 
  29   2      //{ 
  30   2      //unsigned char i; 
  31   2      //for(i=0;i<j;i++); //延时，脉冲一位持续的时间 
  32   2      //}
  33   2      
  34   2      unsigned char ADC0832(void);
  35   2      Send_String("串口可以使用......\r\n");
  36   2      data_temp=ADC0832(); 
  37   2      
  38   2      sprintf(str,"The voltage is:"); //the first line    
  39   2        sprintf(str,"%d",data_temp);  
  40   2        Send_String(str);
  41   2      
  42   2      //xs_int(196*data_temp,1);   //10000*5V/256=196(V)，把采样值放大10000倍后再处理，移动小数
             -点4位。4位有效数字，其实用不到，因为8位采样精度为：0.019V 
  43   2      delay_1ms(1500);   
  44   2      } 
  45   1      }


MODULE INFORMATION:   STATIC OVERLAYABLE
   CODE SIZE        =    112    ----
   CONSTANT SIZE    =     46    ----
   XDATA SIZE       =   ----    ----
   PDATA SIZE       =   ----    ----
   DATA SIZE        =     17       2
C51 COMPILER V9.00   MAIN                                                                  11/22/2019 16:32:12 PAGE 2   

   IDATA SIZE       =   ----    ----
   BIT SIZE         =   ----    ----
END OF MODULE INFORMATION.


C51 COMPILATION COMPLETE.  0 WARNING(S),  0 ERROR(S)
