C51 COMPILER V9.00   UART                                                                  11/22/2019 16:30:45 PAGE 1   


C51 COMPILER V9.00, COMPILATION OF MODULE UART
OBJECT MODULE PLACED IN .\Objects\uart.obj
COMPILER INVOKED BY: D:\Keil_v5\C51\BIN\C51.EXE uart.c OPTIMIZE(8,SPEED) BROWSE DEBUG OBJECTEXTEND PRINT(.\Listings\uart
                    -.lst) TABS(2) OBJECT(.\Objects\uart.obj)

line level    source

   1          #include "uart.h"
   2          void Uart_Init() //串口初始化
   3          {
   4   1        SCON=0x50; //8位异步模式
   5   1        TMOD|=0x20; //定时器1工作方式2
   6   1        TH1=253;//9600bit/s
   7   1        TR1=1;
   8   1      }
   9          
  10          void Send_Byte(u8 dat)    //串口发送一个字节
  11          {
  12   1        SBUF=dat; //启动发送，只需要把发送内容给SBUF这个寄存器
  13   1        while(TI==0); //等待发送完成，因为TI为1时表示在发送停止位
  14   1        TI=0;
  15   1      }
  16           
  17           void Send_String(u8 *str)   //发送一个字符串 *str为字符串第一个字符的地址
  18           {
  19   1          abc:      //标号
  20   1        if(*str != 0)
  21   1        {
  22   2          Send_Byte(*str);
  23   2          str++;
  24   2          goto abc; 
  25   2        }
  26   1       }


MODULE INFORMATION:   STATIC OVERLAYABLE
   CODE SIZE        =     39    ----
   CONSTANT SIZE    =   ----    ----
   XDATA SIZE       =   ----    ----
   PDATA SIZE       =   ----    ----
   DATA SIZE        =   ----    ----
   IDATA SIZE       =   ----    ----
   BIT SIZE         =   ----    ----
END OF MODULE INFORMATION.


C51 COMPILATION COMPLETE.  0 WARNING(S),  0 ERROR(S)
