C51 COMPILER V9.00   MAIN                                                                  11/26/2019 16:59:22 PAGE 1   


C51 COMPILER V9.00, COMPILATION OF MODULE MAIN
OBJECT MODULE PLACED IN .\Objects\main.obj
COMPILER INVOKED BY: D:\Keil_v5\C51\BIN\C51.EXE user\main.c OPTIMIZE(8,SPEED) BROWSE DEBUG OBJECTEXTEND PRINT(.\Listings
                    -\main.lst) TABS(2) OBJECT(.\Objects\main.obj)

line level    source

   1          
   2          #include <stdio.h>
   3          #include <reg52.h>
   4          //#include"lcd.h"
   5          #include <intrins.h>
   6          
   7          sbit Temp_data=P3^6;
   8          
   9          unsigned int rec_dat[4];
  10          //unsigned char data_byte;
  11          //unsigned char rec_dat_lcd=[4];
  12          //unsigned char rec_dat_lcd0[6];
  13          //unsigned char rec_dat_lcd1[6];
  14          //unsigned char rec_dat_lcd2[6];
  15          //unsigned char rec_dat_lcd3[6];
  16          
  17          //??
  18          void DHT11_delay_us(unsigned char n);
  19          void DHT11_delay_ms(unsigned int z);
  20          void DHT11_start();
  21          unsigned char DHT11_rec_byte();
  22          void DHT11_receive();
  23          void InitUART(void);
  24          
  25          void InitUART(void)
  26          {
  27   1          TH1 = 0xFD;  
  28   1          TL1 = TH1;
  29   1          TMOD |= 0x20;  
  30   1          SCON = 0x50;   
  31   1          ES = 1;     
  32   1          TR1 = 1;    
  33   1          TI = 1;     
  34   1      }
  35          
  36          void main()
  37          {
  38   1          InitUART(); //?????
  39   1          EA = 1;     //????
  40   1          while(1)
  41   1          {
  42   2            DHT11_delay_ms(150);
  43   2            DHT11_receive();
  44   2      
  45   2          
  46   2      //      sprintf(rec_dat_lcd0,"%d",rec_dat[0]);
  47   2      //      sprintf(rec_dat_lcd1,"%d",rec_dat[1]);
  48   2      //      sprintf(rec_dat_lcd2,"%d",rec_dat[2]);
  49   2      //      sprintf(rec_dat_lcd3,"%d",rec_dat[3]);
  50   2            DHT11_delay_ms(100);
  51   2      //        delay_ms(500);
  52   2      //        printf("Hello World!\n");//??????
  53   2            printf("Humi:%d.%d \n",rec_dat[0],rec_dat[1]);
  54   2            printf("Temp:%d.%d C\n",rec_dat[2],rec_dat[3]);
C51 COMPILER V9.00   MAIN                                                                  11/26/2019 16:59:22 PAGE 2   

  55   2            DHT11_delay_ms(2000);
  56   2          }
  57   1      }
  58          
  59          
  60          void DHT11_start()  
  61          {
  62   1        Temp_data=1;
  63   1        
  64   1        DHT11_delay_us(2);
  65   1        
  66   1        Temp_data=0;
  67   1        
  68   1        DHT11_delay_ms(20);
  69   1        
  70   1        Temp_data=1;
  71   1        
  72   1        DHT11_delay_us(13);
  73   1        
  74   1      
  75   1      }
  76          
  77          
  78          
  79          
  80          unsigned char DHT11_rec_byte()
  81          {
  82   1        
  83   1        unsigned char i,dat;
  84   1      
  85   1        
  86   1        for(i=0;i<8;i++)
  87   1        {
  88   2            while(!Temp_data);
  89   2            DHT11_delay_us(8);
  90   2            dat<<=1;
  91   2            if(Temp_data==1)
  92   2            {
  93   3              dat+=1;
  94   3            }
  95   2            while(Temp_data);
  96   2        }
  97   1      
  98   1        return dat;
  99   1      
 100   1        
 101   1      }
 102          
 103          
 104          
 105          void DHT11_receive()
 106          {
 107   1        unsigned int R_H,R_L,T_H,T_L;
 108   1        unsigned char RH,RL,TH,TL,revise;
 109   1        
 110   1        DHT11_start();
 111   1        Temp_data=1;
 112   1        if(Temp_data==0)
 113   1        {
 114   2          while(Temp_data==0);   
 115   2              DHT11_delay_us(40);  
 116   2          
C51 COMPILER V9.00   MAIN                                                                  11/26/2019 16:59:22 PAGE 3   

 117   2              R_H=DHT11_rec_byte();    
 118   2              R_L=DHT11_rec_byte();   
 119   2              T_H=DHT11_rec_byte();   
 120   2              T_L=DHT11_rec_byte();    
 121   2              revise=DHT11_rec_byte(); 
 122   2      
 123   2              DHT11_delay_us(25);    
 124   2      
 125   2              if((R_H+R_L+T_H+T_L)==revise)     
 126   2              {
 127   3                  RH=R_H;
 128   3                  RL=R_L;
 129   3                  TH=T_H;
 130   3                  TL=T_L;
 131   3        
 132   3              } 
 133   2              rec_dat[0]=RH;
 134   2              rec_dat[1]=RL;
 135   2              rec_dat[2]=TH;
 136   2              rec_dat[3]=TL;
 137   2      
 138   2        }
 139   1        
 140   1      }
 141          
 142          
 143          void DHT11_delay_us(unsigned char n)
 144          {
 145   1          while(--n);
 146   1      }
 147          
 148          
 149          void DHT11_delay_ms(unsigned int z)
 150          {
 151   1         unsigned int i,j;
 152   1         for(i=z;i>0;i--)
 153   1            for(j=110;j>0;j--);
 154   1      }


MODULE INFORMATION:   STATIC OVERLAYABLE
   CODE SIZE        =    316    ----
   CONSTANT SIZE    =     27    ----
   XDATA SIZE       =   ----    ----
   PDATA SIZE       =   ----    ----
   DATA SIZE        =      8      15
   IDATA SIZE       =   ----    ----
   BIT SIZE         =   ----    ----
END OF MODULE INFORMATION.


C51 COMPILATION COMPLETE.  0 WARNING(S),  0 ERROR(S)
